<?xml version="1.0" encoding="UTF-8"?>
<robot generator="Robot 4.1.2 (Python 3.10.0 on win32)" generated="20211129 14:24:37.640" rpa="false" schemaversion="2">
<suite id="s1" name="TC2 POST Request" source="C:\Users\Daranya\PycharmProjects\API_Robot_Testing_Demo\TestCases\TC2_POST_Request.robot">
<test id="s1-t1" name="put_EmployeeRegistration">
<kw name="Create Session" library="RequestsLibrary">
<arg>mysession</arg>
<arg>${base_url}</arg>
<doc>Create Session: create a HTTP session to a server</doc>
<msg timestamp="20211129 14:24:37.746" level="INFO">Creating Session using : alias=mysession, url=https://reqres.in/api, headers={},                     cookies={}, auth=None, timeout=None, proxies=None, verify=False,                     debug=0 </msg>
<status status="PASS" starttime="20211129 14:24:37.746" endtime="20211129 14:24:37.746"/>
</kw>
<kw name="Create Dictionary" library="BuiltIn">
<var>${body}</var>
<arg>name=Prasad</arg>
<arg>job=Tester</arg>
<arg>id=23</arg>
<doc>Creates and returns a dictionary based on the given ``items``.</doc>
<msg timestamp="20211129 14:24:37.747" level="INFO">${body} = {'name': 'Prasad', 'job': 'Tester', 'id': '23'}</msg>
<status status="PASS" starttime="20211129 14:24:37.747" endtime="20211129 14:24:37.747"/>
</kw>
<kw name="Create Dictionary" library="BuiltIn">
<var>${header}</var>
<arg>Content-Type=application/json</arg>
<doc>Creates and returns a dictionary based on the given ``items``.</doc>
<msg timestamp="20211129 14:24:37.748" level="INFO">${header} = {'Content-Type': 'application/json'}</msg>
<status status="PASS" starttime="20211129 14:24:37.747" endtime="20211129 14:24:37.748"/>
</kw>
<kw name="Post Request" library="RequestsLibrary">
<var>${response}</var>
<arg>mysession</arg>
<arg>/users</arg>
<arg>data=${body}</arg>
<arg>headers=${header}</arg>
<doc>*DEPRECATED* Please use `POST On Session` instead.</doc>
<msg timestamp="20211129 14:24:37.748" level="WARN">Keyword 'RequestsLibrary.Post Request' is deprecated. Please use `POST On Session` instead.</msg>
<msg timestamp="20211129 14:24:38.319" level="INFO">POST Request : url=https://reqres.in/api/users 
 path_url=/api/users 
 headers={'User-Agent': 'python-requests/2.26.0', 'Accept-Encoding': 'gzip, deflate', 'Accept': '*/*', 'Connection': 'keep-alive', 'Content-Type': 'application/json', 'Content-Length': '47'} 
 body={"name": "Prasad", "job": "Tester", "id": "23"} 
 </msg>
<msg timestamp="20211129 14:24:38.319" level="INFO">POST Response : url=https://reqres.in/api/users 
 status=201, reason=Created 
 headers={'Date': 'Mon, 29 Nov 2021 08:54:35 GMT', 'Content-Type': 'application/json; charset=utf-8', 'Content-Length': '81', 'Connection': 'keep-alive', 'x-powered-by': 'Express', 'access-control-allow-origin': '*', 'etag': 'W/"51-gy4Kh0S4tPCmT/1wikZZgv45qUE"', 'via': '1.1 vegur', 'CF-Cache-Status': 'DYNAMIC', 'Expect-CT': 'max-age=604800, report-uri="https://report-uri.cloudflare.com/cdn-cgi/beacon/expect-ct"', 'Report-To': '{"endpoints":[{"url":"https:\\/\\/a.nel.cloudflare.com\\/report\\/v3?s=0RnoEO2Oat4%2FrLeE0gBuKihJ0FSLUeHQUQcQ6a33zMvB8oZIIiJxltnzvzHPbJ1E7iAm1qUQiwBXLDZOpPGV7M%2FFU2UZTMoHd8Z1QT63qaNznaUVWA2cBGaJsPM%3D"}],"group":"cf-nel","max_age":604800}', 'NEL': '{"success_fraction":0,"report_to":"cf-nel","max_age":604800}', 'Server': 'cloudflare', 'CF-RAY': '6b5a9cb4cb8c2e46-BOM', 'alt-svc': 'h3=":443"; ma=86400, h3-29=":443"; ma=86400, h3-28=":443"; ma=86400, h3-27=":443"; ma=86400'} 
 body={"name":"Prasad","job":"Tester","id":"23","createdAt":"2021-11-29T08:54:35.317Z"} 
 </msg>
<msg timestamp="20211129 14:24:38.319" level="INFO">C:\Users\Daranya\PycharmProjects\API_Robot_Testing_Demo\venv\lib\site-packages\urllib3\connectionpool.py:1013: InsecureRequestWarning: Unverified HTTPS request is being made to host 'reqres.in'. Adding certificate verification is strongly advised. See: https://urllib3.readthedocs.io/en/1.26.x/advanced-usage.html#ssl-warnings
  warnings.warn(</msg>
<msg timestamp="20211129 14:24:38.319" level="INFO">${response} = &lt;Response [201]&gt;</msg>
<status status="PASS" starttime="20211129 14:24:37.748" endtime="20211129 14:24:38.319"/>
</kw>
<kw name="Log To Console" library="BuiltIn">
<arg>${response.status_code}</arg>
<doc>Logs the given message to the console.</doc>
<status status="PASS" starttime="20211129 14:24:38.320" endtime="20211129 14:24:38.320"/>
</kw>
<kw name="Log To Console" library="BuiltIn">
<arg>${response.content}</arg>
<doc>Logs the given message to the console.</doc>
<status status="PASS" starttime="20211129 14:24:38.321" endtime="20211129 14:24:38.322"/>
</kw>
<kw name="Convert To String" library="BuiltIn">
<var>${status_code}</var>
<arg>${response.status_code}</arg>
<doc>Converts the given item to a Unicode string.</doc>
<msg timestamp="20211129 14:24:38.323" level="INFO">${status_code} = 201</msg>
<status status="PASS" starttime="20211129 14:24:38.323" endtime="20211129 14:24:38.323"/>
</kw>
<kw name="Should Be Equal" library="BuiltIn">
<arg>${status_code}</arg>
<arg>201</arg>
<doc>Fails if the given objects are unequal.</doc>
<status status="PASS" starttime="20211129 14:24:38.324" endtime="20211129 14:24:38.324"/>
</kw>
<kw name="Convert To String" library="BuiltIn">
<var>${res_body}</var>
<arg>${response.content}</arg>
<doc>Converts the given item to a Unicode string.</doc>
<msg timestamp="20211129 14:24:38.325" level="INFO">${res_body} = {"name":"Prasad","job":"Tester","id":"23","createdAt":"2021-11-29T08:54:35.317Z"}</msg>
<status status="PASS" starttime="20211129 14:24:38.324" endtime="20211129 14:24:38.325"/>
</kw>
<kw name="Should Contain" library="BuiltIn">
<arg>${res_body}</arg>
<arg>Prasad</arg>
<doc>Fails if ``container`` does not contain ``item`` one or more times.</doc>
<status status="PASS" starttime="20211129 14:24:38.325" endtime="20211129 14:24:38.326"/>
</kw>
<kw name="Should Contain" library="BuiltIn">
<arg>${res_body}</arg>
<arg>Tester</arg>
<doc>Fails if ``container`` does not contain ``item`` one or more times.</doc>
<status status="PASS" starttime="20211129 14:24:38.326" endtime="20211129 14:24:38.326"/>
</kw>
<kw name="Should Contain" library="BuiltIn">
<arg>${res_body}</arg>
<arg>23</arg>
<doc>Fails if ``container`` does not contain ``item`` one or more times.</doc>
<status status="PASS" starttime="20211129 14:24:38.327" endtime="20211129 14:24:38.327"/>
</kw>
<status status="PASS" starttime="20211129 14:24:37.746" endtime="20211129 14:24:38.328"/>
</test>
<status status="PASS" starttime="20211129 14:24:37.641" endtime="20211129 14:24:38.329"/>
</suite>
<statistics>
<total>
<stat pass="1" fail="0" skip="0">All Tests</stat>
</total>
<tag>
</tag>
<suite>
<stat pass="1" fail="0" skip="0" id="s1" name="TC2 POST Request">TC2 POST Request</stat>
</suite>
</statistics>
<errors>
<msg timestamp="20211129 14:24:37.748" level="WARN">Keyword 'RequestsLibrary.Post Request' is deprecated. Please use `POST On Session` instead.</msg>
</errors>
</robot>
